Using pre-set license
Built from '2020.3/release' branch; Version is '2020.3.12f1 (b3b2c6512326) revision 11776710'; Using compiler version '192528614'; Build Type 'Release'
OS: 'Windows 10 Home; OS build 19041.1052; Version 2004; 64bit' Language: 'en' Physical Memory: 12157 MB
BatchMode: 1, IsHumanControllingUs: 0, StartBugReporterOnCrash: 0, Is64bit: 1, IsPro: 0

 COMMAND LINE ARGUMENTS:
C:\Program Files\Unity\Hub\Editor\2020.3.12f1\Editor\Unity.exe
-adb2
-batchMode
-noUpm
-name
AssetImportWorker0
-projectPath
C:/Users/mibvs/Documents/GitHub/asu-3d-loading-screen/Main Scene
-logFile
Logs/AssetImportWorker0.log
-srvPort
53313
Successfully changed project path to: C:/Users/mibvs/Documents/GitHub/asu-3d-loading-screen/Main Scene
C:/Users/mibvs/Documents/GitHub/asu-3d-loading-screen/Main Scene
Using Asset Import Pipeline V2.
Refreshing native plugins compatible for Editor in 53.08 ms, found 7 plugins.
Preloading 0 native plugins for Editor in 0.00 ms.
Initialize engine version: 2020.3.12f1 (b3b2c6512326)
[Subsystems] Discovering subsystems at path C:/Program Files/Unity/Hub/Editor/2020.3.12f1/Editor/Data/Resources/UnitySubsystems
[Subsystems] Discovering subsystems at path C:/Users/mibvs/Documents/GitHub/asu-3d-loading-screen/Main Scene/Assets
GfxDevice: creating device client; threaded=0
Direct3D:
    Version:  Direct3D 11.0 [level 11.1]
    Renderer: Intel(R) HD Graphics 620 (ID=0x5916)
    Vendor:   
    VRAM:     6078 MB
    Driver:   23.20.16.4973
Initialize mono
Mono path[0] = 'C:/Program Files/Unity/Hub/Editor/2020.3.12f1/Editor/Data/Managed'
Mono path[1] = 'C:/Program Files/Unity/Hub/Editor/2020.3.12f1/Editor/Data/MonoBleedingEdge/lib/mono/unityjit'
Mono config path = 'C:/Program Files/Unity/Hub/Editor/2020.3.12f1/Editor/Data/MonoBleedingEdge/etc'
Using monoOptions --debugger-agent=transport=dt_socket,embedding=1,server=y,suspend=n,address=127.0.0.1:56432
Begin MonoManager ReloadAssembly
Registering precompiled unity dll's ...
Register platform support module: C:/Program Files/Unity/Hub/Editor/2020.3.12f1/Editor/Data/PlaybackEngines/WebGLSupport/UnityEditor.WebGL.Extensions.dll
Register platform support module: C:/Program Files/Unity/Hub/Editor/2020.3.12f1/Editor/Data/PlaybackEngines/WindowsStandaloneSupport/UnityEditor.WindowsStandalone.Extensions.dll
Registered in 0.003613 seconds.
Native extension for WindowsStandalone target not found
Native extension for WebGL target not found
Refreshing native plugins compatible for Editor in 44.16 ms, found 7 plugins.
Preloading 0 native plugins for Editor in 0.00 ms.
Mono: successfully reloaded assembly
- Completed reload, in  1.357 seconds
Platform modules already initialized, skipping
Registering precompiled user dll's ...
Registered in 0.016026 seconds.
Begin MonoManager ReloadAssembly
Native extension for WindowsStandalone target not found
Native extension for WebGL target not found
Refreshing native plugins compatible for Editor in 42.48 ms, found 7 plugins.
Preloading 0 native plugins for Editor in 0.00 ms.
Mono: successfully reloaded assembly
Refresh completed but there are assets queued up for importing. Check for code that modifies assets which gets called after OnPostProcessAllAssets. Additional details in Log file
UnityEngine.StackTraceUtility:ExtractStackTrace ()
UnityEditor.XR.OpenXR.Features.FeatureHelpersInternal:GetAllFeatureInfo (UnityEditor.BuildTargetGroup) (at Library/PackageCache/com.unity.xr.openxr@1.2.3/Editor/FeatureSupport/FeatureHelpers.cs:188)
UnityEditor.XR.OpenXR.Features.OpenXRFeatureSetManager:SetFeaturesFromEnabledFeatureSets (UnityEditor.BuildTargetGroup) (at Library/PackageCache/com.unity.xr.openxr@1.2.3/Editor/FeatureSupport/OpenXRFeatureSetManager.cs:344)
UnityEditor.XR.OpenXR.Features.OpenXRFeatureSetManager:InitializeFeatureSets (bool) (at Library/PackageCache/com.unity.xr.openxr@1.2.3/Editor/FeatureSupport/OpenXRFeatureSetManager.cs:274)
UnityEditor.XR.OpenXR.Features.OpenXRFeatureSetManager:InitializeFeatureSets () (at Library/PackageCache/com.unity.xr.openxr@1.2.3/Editor/FeatureSupport/OpenXRFeatureSetManager.cs:190)
UnityEditor.XR.OpenXR.Features.OpenXRFeatureSetManager:OnAssemblyReload () (at Library/PackageCache/com.unity.xr.openxr@1.2.3/Editor/FeatureSupport/OpenXRFeatureSetManager.cs:30)
UnityEditor.AssemblyReloadEvents:OnAfterAssemblyReload ()

[Library/PackageCache/com.unity.xr.openxr@1.2.3/Editor/FeatureSupport/FeatureHelpers.cs line 188]

Assets queued for import after Refresh completed:
	Assets/XR/Settings/OpenXR Package Settings.asset
RefreshInfo: StopAssetImportingV2(NoUpdateAssetOptions) scanfilter: 
RefreshProfiler: Total: 0.000ms
Assertion failed on expression: 'm_Ptr'
UnityEngine.StackTraceUtility:ExtractStackTrace ()
UnityEditor.XR.OpenXR.Features.FeatureHelpersInternal:GetAllFeatureInfo (UnityEditor.BuildTargetGroup) (at Library/PackageCache/com.unity.xr.openxr@1.2.3/Editor/FeatureSupport/FeatureHelpers.cs:188)
UnityEditor.XR.OpenXR.Features.OpenXRFeatureSetManager:SetFeaturesFromEnabledFeatureSets (UnityEditor.BuildTargetGroup) (at Library/PackageCache/com.unity.xr.openxr@1.2.3/Editor/FeatureSupport/OpenXRFeatureSetManager.cs:344)
UnityEditor.XR.OpenXR.Features.OpenXRFeatureSetManager:InitializeFeatureSets (bool) (at Library/PackageCache/com.unity.xr.openxr@1.2.3/Editor/FeatureSupport/OpenXRFeatureSetManager.cs:274)
UnityEditor.XR.OpenXR.Features.OpenXRFeatureSetManager:InitializeFeatureSets () (at Library/PackageCache/com.unity.xr.openxr@1.2.3/Editor/FeatureSupport/OpenXRFeatureSetManager.cs:190)
UnityEditor.XR.OpenXR.Features.OpenXRFeatureSetManager:OnAssemblyReload () (at Library/PackageCache/com.unity.xr.openxr@1.2.3/Editor/FeatureSupport/OpenXRFeatureSetManager.cs:30)
UnityEditor.AssemblyReloadEvents:OnAfterAssemblyReload ()

[Library/PackageCache/com.unity.xr.openxr@1.2.3/Editor/FeatureSupport/FeatureHelpers.cs line 188]

Refresh completed but there are assets queued up for importing. Check for code that modifies assets which gets called after OnPostProcessAllAssets. Additional details in Log file
UnityEngine.StackTraceUtility:ExtractStackTrace ()
UnityEditor.XR.OpenXR.Features.FeatureHelpersInternal:GetAllFeatureInfo (UnityEditor.BuildTargetGroup) (at Library/PackageCache/com.unity.xr.openxr@1.2.3/Editor/FeatureSupport/FeatureHelpers.cs:188)
UnityEditor.XR.OpenXR.Features.OpenXRFeatureSetManager:SetFeaturesFromEnabledFeatureSets (UnityEditor.BuildTargetGroup) (at Library/PackageCache/com.unity.xr.openxr@1.2.3/Editor/FeatureSupport/OpenXRFeatureSetManager.cs:344)
UnityEditor.XR.OpenXR.Features.OpenXRFeatureSetManager:InitializeFeatureSets (bool) (at Library/PackageCache/com.unity.xr.openxr@1.2.3/Editor/FeatureSupport/OpenXRFeatureSetManager.cs:274)
UnityEditor.XR.OpenXR.Features.OpenXRFeatureSetManager:InitializeFeatureSets () (at Library/PackageCache/com.unity.xr.openxr@1.2.3/Editor/FeatureSupport/OpenXRFeatureSetManager.cs:190)
UnityEditor.XR.OpenXR.Features.OpenXRFeatureSetManager:OnAssemblyReload () (at Library/PackageCache/com.unity.xr.openxr@1.2.3/Editor/FeatureSupport/OpenXRFeatureSetManager.cs:30)
UnityEditor.AssemblyReloadEvents:OnAfterAssemblyReload ()

[Library/PackageCache/com.unity.xr.openxr@1.2.3/Editor/FeatureSupport/FeatureHelpers.cs line 188]

Assets queued for import after Refresh completed:
	Assets/XR/Settings/OpenXR Package Settings.asset
RefreshInfo: StopAssetImportingV2(NoUpdateAssetOptions) scanfilter: 
RefreshProfiler: Total: 0.000ms
Assertion failed on expression: 'm_Ptr'
UnityEngine.StackTraceUtility:ExtractStackTrace ()
UnityEditor.XR.OpenXR.Features.FeatureHelpersInternal:GetAllFeatureInfo (UnityEditor.BuildTargetGroup) (at Library/PackageCache/com.unity.xr.openxr@1.2.3/Editor/FeatureSupport/FeatureHelpers.cs:188)
UnityEditor.XR.OpenXR.Features.OpenXRFeatureSetManager:SetFeaturesFromEnabledFeatureSets (UnityEditor.BuildTargetGroup) (at Library/PackageCache/com.unity.xr.openxr@1.2.3/Editor/FeatureSupport/OpenXRFeatureSetManager.cs:344)
UnityEditor.XR.OpenXR.Features.OpenXRFeatureSetManager:InitializeFeatureSets (bool) (at Library/PackageCache/com.unity.xr.openxr@1.2.3/Editor/FeatureSupport/OpenXRFeatureSetManager.cs:274)
UnityEditor.XR.OpenXR.Features.OpenXRFeatureSetManager:InitializeFeatureSets () (at Library/PackageCache/com.unity.xr.openxr@1.2.3/Editor/FeatureSupport/OpenXRFeatureSetManager.cs:190)
UnityEditor.XR.OpenXR.Features.OpenXRFeatureSetManager:OnAssemblyReload () (at Library/PackageCache/com.unity.xr.openxr@1.2.3/Editor/FeatureSupport/OpenXRFeatureSetManager.cs:30)
UnityEditor.AssemblyReloadEvents:OnAfterAssemblyReload ()

[Library/PackageCache/com.unity.xr.openxr@1.2.3/Editor/FeatureSupport/FeatureHelpers.cs line 188]

Refresh completed but there are assets queued up for importing. Check for code that modifies assets which gets called after OnPostProcessAllAssets. Additional details in Log file
UnityEngine.StackTraceUtility:ExtractStackTrace ()
UnityEditor.XR.OpenXR.Features.FeatureHelpersInternal:GetAllFeatureInfo (UnityEditor.BuildTargetGroup) (at Library/PackageCache/com.unity.xr.openxr@1.2.3/Editor/FeatureSupport/FeatureHelpers.cs:188)
UnityEditor.XR.OpenXR.Features.OpenXRFeatureSetManager:SetFeaturesFromEnabledFeatureSets (UnityEditor.BuildTargetGroup) (at Library/PackageCache/com.unity.xr.openxr@1.2.3/Editor/FeatureSupport/OpenXRFeatureSetManager.cs:344)
UnityEditor.XR.OpenXR.Features.OpenXRFeatureSetManager:InitializeFeatureSets (bool) (at Library/PackageCache/com.unity.xr.openxr@1.2.3/Editor/FeatureSupport/OpenXRFeatureSetManager.cs:274)
UnityEditor.XR.OpenXR.Features.OpenXRFeatureSetManager:InitializeFeatureSets () (at Library/PackageCache/com.unity.xr.openxr@1.2.3/Editor/FeatureSupport/OpenXRFeatureSetManager.cs:190)
UnityEditor.XR.OpenXR.Features.OpenXRFeatureSetManager:OnAssemblyReload () (at Library/PackageCache/com.unity.xr.openxr@1.2.3/Editor/FeatureSupport/OpenXRFeatureSetManager.cs:30)
UnityEditor.AssemblyReloadEvents:OnAfterAssemblyReload ()

[Library/PackageCache/com.unity.xr.openxr@1.2.3/Editor/FeatureSupport/FeatureHelpers.cs line 188]

Assets queued for import after Refresh completed:
	Assets/XR/Settings/OpenXR Package Settings.asset
RefreshInfo: StopAssetImportingV2(NoUpdateAssetOptions) scanfilter: 
RefreshProfiler: Total: 0.000ms
Assertion failed on expression: 'm_Ptr'
UnityEngine.StackTraceUtility:ExtractStackTrace ()
UnityEditor.XR.OpenXR.Features.FeatureHelpersInternal:GetAllFeatureInfo (UnityEditor.BuildTargetGroup) (at Library/PackageCache/com.unity.xr.openxr@1.2.3/Editor/FeatureSupport/FeatureHelpers.cs:188)
UnityEditor.XR.OpenXR.Features.OpenXRFeatureSetManager:SetFeaturesFromEnabledFeatureSets (UnityEditor.BuildTargetGroup) (at Library/PackageCache/com.unity.xr.openxr@1.2.3/Editor/FeatureSupport/OpenXRFeatureSetManager.cs:344)
UnityEditor.XR.OpenXR.Features.OpenXRFeatureSetManager:InitializeFeatureSets (bool) (at Library/PackageCache/com.unity.xr.openxr@1.2.3/Editor/FeatureSupport/OpenXRFeatureSetManager.cs:274)
UnityEditor.XR.OpenXR.Features.OpenXRFeatureSetManager:InitializeFeatureSets () (at Library/PackageCache/com.unity.xr.openxr@1.2.3/Editor/FeatureSupport/OpenXRFeatureSetManager.cs:190)
UnityEditor.XR.OpenXR.Features.OpenXRFeatureSetManager:OnAssemblyReload () (at Library/PackageCache/com.unity.xr.openxr@1.2.3/Editor/FeatureSupport/OpenXRFeatureSetManager.cs:30)
UnityEditor.AssemblyReloadEvents:OnAfterAssemblyReload ()

[Library/PackageCache/com.unity.xr.openxr@1.2.3/Editor/FeatureSupport/FeatureHelpers.cs line 188]

Refresh completed but there are assets queued up for importing. Check for code that modifies assets which gets called after OnPostProcessAllAssets. Additional details in Log file
UnityEngine.StackTraceUtility:ExtractStackTrace ()
UnityEditor.XR.OpenXR.Features.FeatureHelpersInternal:GetAllFeatureInfo (UnityEditor.BuildTargetGroup) (at Library/PackageCache/com.unity.xr.openxr@1.2.3/Editor/FeatureSupport/FeatureHelpers.cs:188)
UnityEditor.XR.OpenXR.Features.OpenXRFeatureSetManager:SetFeaturesFromEnabledFeatureSets (UnityEditor.BuildTargetGroup) (at Library/PackageCache/com.unity.xr.openxr@1.2.3/Editor/FeatureSupport/OpenXRFeatureSetManager.cs:344)
UnityEditor.XR.OpenXR.Features.OpenXRFeatureSetManager:InitializeFeatureSets (bool) (at Library/PackageCache/com.unity.xr.openxr@1.2.3/Editor/FeatureSupport/OpenXRFeatureSetManager.cs:274)
UnityEditor.XR.OpenXR.Features.OpenXRFeatureSetManager:InitializeFeatureSets () (at Library/PackageCache/com.unity.xr.openxr@1.2.3/Editor/FeatureSupport/OpenXRFeatureSetManager.cs:190)
UnityEditor.XR.OpenXR.Features.OpenXRFeatureSetManager:OnAssemblyReload () (at Library/PackageCache/com.unity.xr.openxr@1.2.3/Editor/FeatureSupport/OpenXRFeatureSetManager.cs:30)
UnityEditor.AssemblyReloadEvents:OnAfterAssemblyReload ()

[Library/PackageCache/com.unity.xr.openxr@1.2.3/Editor/FeatureSupport/FeatureHelpers.cs line 188]

Assets queued for import after Refresh completed:
	Assets/XR/Settings/OpenXR Package Settings.asset
RefreshInfo: StopAssetImportingV2(NoUpdateAssetOptions) scanfilter: 
RefreshProfiler: Total: 0.000ms
Assertion failed on expression: 'm_Ptr'
UnityEngine.StackTraceUtility:ExtractStackTrace ()
UnityEditor.XR.OpenXR.Features.FeatureHelpersInternal:GetAllFeatureInfo (UnityEditor.BuildTargetGroup) (at Library/PackageCache/com.unity.xr.openxr@1.2.3/Editor/FeatureSupport/FeatureHelpers.cs:188)
UnityEditor.XR.OpenXR.Features.OpenXRFeatureSetManager:SetFeaturesFromEnabledFeatureSets (UnityEditor.BuildTargetGroup) (at Library/PackageCache/com.unity.xr.openxr@1.2.3/Editor/FeatureSupport/OpenXRFeatureSetManager.cs:344)
UnityEditor.XR.OpenXR.Features.OpenXRFeatureSetManager:InitializeFeatureSets (bool) (at Library/PackageCache/com.unity.xr.openxr@1.2.3/Editor/FeatureSupport/OpenXRFeatureSetManager.cs:274)
UnityEditor.XR.OpenXR.Features.OpenXRFeatureSetManager:InitializeFeatureSets () (at Library/PackageCache/com.unity.xr.openxr@1.2.3/Editor/FeatureSupport/OpenXRFeatureSetManager.cs:190)
UnityEditor.XR.OpenXR.Features.OpenXRFeatureSetManager:OnAssemblyReload () (at Library/PackageCache/com.unity.xr.openxr@1.2.3/Editor/FeatureSupport/OpenXRFeatureSetManager.cs:30)
UnityEditor.AssemblyReloadEvents:OnAfterAssemblyReload ()

[Library/PackageCache/com.unity.xr.openxr@1.2.3/Editor/FeatureSupport/FeatureHelpers.cs line 188]

Refresh completed but there are assets queued up for importing. Check for code that modifies assets which gets called after OnPostProcessAllAssets. Additional details in Log file
UnityEngine.StackTraceUtility:ExtractStackTrace ()
UnityEditor.XR.OpenXR.Features.FeatureHelpersInternal:GetAllFeatureInfo (UnityEditor.BuildTargetGroup) (at Library/PackageCache/com.unity.xr.openxr@1.2.3/Editor/FeatureSupport/FeatureHelpers.cs:188)
UnityEditor.XR.OpenXR.Features.OpenXRFeatureSetManager:SetFeaturesFromEnabledFeatureSets (UnityEditor.BuildTargetGroup) (at Library/PackageCache/com.unity.xr.openxr@1.2.3/Editor/FeatureSupport/OpenXRFeatureSetManager.cs:344)
UnityEditor.XR.OpenXR.Features.OpenXRFeatureSetManager:InitializeFeatureSets (bool) (at Library/PackageCache/com.unity.xr.openxr@1.2.3/Editor/FeatureSupport/OpenXRFeatureSetManager.cs:274)
UnityEditor.XR.OpenXR.Features.OpenXRFeatureSetManager:InitializeFeatureSets () (at Library/PackageCache/com.unity.xr.openxr@1.2.3/Editor/FeatureSupport/OpenXRFeatureSetManager.cs:190)
UnityEditor.XR.OpenXR.Features.OpenXRFeatureSetManager:OnAssemblyReload () (at Library/PackageCache/com.unity.xr.openxr@1.2.3/Editor/FeatureSupport/OpenXRFeatureSetManager.cs:30)
UnityEditor.AssemblyReloadEvents:OnAfterAssemblyReload ()

[Library/PackageCache/com.unity.xr.openxr@1.2.3/Editor/FeatureSupport/FeatureHelpers.cs line 188]

Assets queued for import after Refresh completed:
	Assets/XR/Settings/OpenXR Package Settings.asset
RefreshInfo: StopAssetImportingV2(NoUpdateAssetOptions) scanfilter: 
RefreshProfiler: Total: 0.000ms
Assertion failed on expression: 'm_Ptr'
UnityEngine.StackTraceUtility:ExtractStackTrace ()
UnityEditor.XR.OpenXR.Features.FeatureHelpersInternal:GetAllFeatureInfo (UnityEditor.BuildTargetGroup) (at Library/PackageCache/com.unity.xr.openxr@1.2.3/Editor/FeatureSupport/FeatureHelpers.cs:188)
UnityEditor.XR.OpenXR.Features.OpenXRFeatureSetManager:SetFeaturesFromEnabledFeatureSets (UnityEditor.BuildTargetGroup) (at Library/PackageCache/com.unity.xr.openxr@1.2.3/Editor/FeatureSupport/OpenXRFeatureSetManager.cs:344)
UnityEditor.XR.OpenXR.Features.OpenXRFeatureSetManager:InitializeFeatureSets (bool) (at Library/PackageCache/com.unity.xr.openxr@1.2.3/Editor/FeatureSupport/OpenXRFeatureSetManager.cs:274)
UnityEditor.XR.OpenXR.Features.OpenXRFeatureSetManager:InitializeFeatureSets () (at Library/PackageCache/com.unity.xr.openxr@1.2.3/Editor/FeatureSupport/OpenXRFeatureSetManager.cs:190)
UnityEditor.XR.OpenXR.Features.OpenXRFeatureSetManager:OnAssemblyReload () (at Library/PackageCache/com.unity.xr.openxr@1.2.3/Editor/FeatureSupport/OpenXRFeatureSetManager.cs:30)
UnityEditor.AssemblyReloadEvents:OnAfterAssemblyReload ()

[Library/PackageCache/com.unity.xr.openxr@1.2.3/Editor/FeatureSupport/FeatureHelpers.cs line 188]

Refresh completed but there are assets queued up for importing. Check for code that modifies assets which gets called after OnPostProcessAllAssets. Additional details in Log file
UnityEngine.StackTraceUtility:ExtractStackTrace ()
UnityEditor.XR.OpenXR.Features.FeatureHelpersInternal:GetAllFeatureInfo (UnityEditor.BuildTargetGroup) (at Library/PackageCache/com.unity.xr.openxr@1.2.3/Editor/FeatureSupport/FeatureHelpers.cs:188)
UnityEditor.XR.OpenXR.Features.OpenXRFeatureSetManager:SetFeaturesFromEnabledFeatureSets (UnityEditor.BuildTargetGroup) (at Library/PackageCache/com.unity.xr.openxr@1.2.3/Editor/FeatureSupport/OpenXRFeatureSetManager.cs:344)
UnityEditor.XR.OpenXR.Features.OpenXRFeatureSetManager:InitializeFeatureSets (bool) (at Library/PackageCache/com.unity.xr.openxr@1.2.3/Editor/FeatureSupport/OpenXRFeatureSetManager.cs:274)
UnityEditor.XR.OpenXR.Features.OpenXRFeatureSetManager:InitializeFeatureSets () (at Library/PackageCache/com.unity.xr.openxr@1.2.3/Editor/FeatureSupport/OpenXRFeatureSetManager.cs:190)
UnityEditor.XR.OpenXR.Features.OpenXRFeatureSetManager:OnAssemblyReload () (at Library/PackageCache/com.unity.xr.openxr@1.2.3/Editor/FeatureSupport/OpenXRFeatureSetManager.cs:30)
UnityEditor.AssemblyReloadEvents:OnAfterAssemblyReload ()

[Library/PackageCache/com.unity.xr.openxr@1.2.3/Editor/FeatureSupport/FeatureHelpers.cs line 188]

Assets queued for import after Refresh completed:
	Assets/XR/Settings/OpenXR Package Settings.asset
RefreshInfo: StopAssetImportingV2(NoUpdateAssetOptions) scanfilter: 
RefreshProfiler: Total: 0.000ms
Assertion failed on expression: 'm_Ptr'
UnityEngine.StackTraceUtility:ExtractStackTrace ()
UnityEditor.XR.OpenXR.Features.FeatureHelpersInternal:GetAllFeatureInfo (UnityEditor.BuildTargetGroup) (at Library/PackageCache/com.unity.xr.openxr@1.2.3/Editor/FeatureSupport/FeatureHelpers.cs:188)
UnityEditor.XR.OpenXR.Features.OpenXRFeatureSetManager:SetFeaturesFromEnabledFeatureSets (UnityEditor.BuildTargetGroup) (at Library/PackageCache/com.unity.xr.openxr@1.2.3/Editor/FeatureSupport/OpenXRFeatureSetManager.cs:344)
UnityEditor.XR.OpenXR.Features.OpenXRFeatureSetManager:InitializeFeatureSets (bool) (at Library/PackageCache/com.unity.xr.openxr@1.2.3/Editor/FeatureSupport/OpenXRFeatureSetManager.cs:274)
UnityEditor.XR.OpenXR.Features.OpenXRFeatureSetManager:InitializeFeatureSets () (at Library/PackageCache/com.unity.xr.openxr@1.2.3/Editor/FeatureSupport/OpenXRFeatureSetManager.cs:190)
UnityEditor.XR.OpenXR.Features.OpenXRFeatureSetManager:OnAssemblyReload () (at Library/PackageCache/com.unity.xr.openxr@1.2.3/Editor/FeatureSupport/OpenXRFeatureSetManager.cs:30)
UnityEditor.AssemblyReloadEvents:OnAfterAssemblyReload ()

[Library/PackageCache/com.unity.xr.openxr@1.2.3/Editor/FeatureSupport/FeatureHelpers.cs line 188]

Refresh completed but there are assets queued up for importing. Check for code that modifies assets which gets called after OnPostProcessAllAssets. Additional details in Log file
UnityEngine.StackTraceUtility:ExtractStackTrace ()
UnityEditor.XR.OpenXR.Features.FeatureHelpersInternal:GetAllFeatureInfo (UnityEditor.BuildTargetGroup) (at Library/PackageCache/com.unity.xr.openxr@1.2.3/Editor/FeatureSupport/FeatureHelpers.cs:188)
UnityEditor.XR.OpenXR.Features.OpenXRFeatureSetManager:SetFeaturesFromEnabledFeatureSets (UnityEditor.BuildTargetGroup) (at Library/PackageCache/com.unity.xr.openxr@1.2.3/Editor/FeatureSupport/OpenXRFeatureSetManager.cs:344)
UnityEditor.XR.OpenXR.Features.OpenXRFeatureSetManager:InitializeFeatureSets (bool) (at Library/PackageCache/com.unity.xr.openxr@1.2.3/Editor/FeatureSupport/OpenXRFeatureSetManager.cs:274)
UnityEditor.XR.OpenXR.Features.OpenXRFeatureSetManager:InitializeFeatureSets () (at Library/PackageCache/com.unity.xr.openxr@1.2.3/Editor/FeatureSupport/OpenXRFeatureSetManager.cs:190)
UnityEditor.XR.OpenXR.Features.OpenXRFeatureSetManager:OnAssemblyReload () (at Library/PackageCache/com.unity.xr.openxr@1.2.3/Editor/FeatureSupport/OpenXRFeatureSetManager.cs:30)
UnityEditor.AssemblyReloadEvents:OnAfterAssemblyReload ()

[Library/PackageCache/com.unity.xr.openxr@1.2.3/Editor/FeatureSupport/FeatureHelpers.cs line 188]

Assets queued for import after Refresh completed:
	Assets/XR/Settings/OpenXR Package Settings.asset
RefreshInfo: StopAssetImportingV2(NoUpdateAssetOptions) scanfilter: 
RefreshProfiler: Total: 0.000ms
Assertion failed on expression: 'm_Ptr'
UnityEngine.StackTraceUtility:ExtractStackTrace ()
UnityEditor.XR.OpenXR.Features.FeatureHelpersInternal:GetAllFeatureInfo (UnityEditor.BuildTargetGroup) (at Library/PackageCache/com.unity.xr.openxr@1.2.3/Editor/FeatureSupport/FeatureHelpers.cs:188)
UnityEditor.XR.OpenXR.Features.OpenXRFeatureSetManager:SetFeaturesFromEnabledFeatureSets (UnityEditor.BuildTargetGroup) (at Library/PackageCache/com.unity.xr.openxr@1.2.3/Editor/FeatureSupport/OpenXRFeatureSetManager.cs:344)
UnityEditor.XR.OpenXR.Features.OpenXRFeatureSetManager:InitializeFeatureSets (bool) (at Library/PackageCache/com.unity.xr.openxr@1.2.3/Editor/FeatureSupport/OpenXRFeatureSetManager.cs:274)
UnityEditor.XR.OpenXR.Features.OpenXRFeatureSetManager:InitializeFeatureSets () (at Library/PackageCache/com.unity.xr.openxr@1.2.3/Editor/FeatureSupport/OpenXRFeatureSetManager.cs:190)
UnityEditor.XR.OpenXR.Features.OpenXRFeatureSetManager:OnAssemblyReload () (at Library/PackageCache/com.unity.xr.openxr@1.2.3/Editor/FeatureSupport/OpenXRFeatureSetManager.cs:30)
UnityEditor.AssemblyReloadEvents:OnAfterAssemblyReload ()

[Library/PackageCache/com.unity.xr.openxr@1.2.3/Editor/FeatureSupport/FeatureHelpers.cs line 188]

Refresh completed but there are assets queued up for importing. Check for code that modifies assets which gets called after OnPostProcessAllAssets. Additional details in Log file
UnityEngine.StackTraceUtility:ExtractStackTrace ()
UnityEditor.XR.OpenXR.Features.FeatureHelpersInternal:GetAllFeatureInfo (UnityEditor.BuildTargetGroup) (at Library/PackageCache/com.unity.xr.openxr@1.2.3/Editor/FeatureSupport/FeatureHelpers.cs:188)
UnityEditor.XR.OpenXR.Features.OpenXRFeatureSetManager:SetFeaturesFromEnabledFeatureSets (UnityEditor.BuildTargetGroup) (at Library/PackageCache/com.unity.xr.openxr@1.2.3/Editor/FeatureSupport/OpenXRFeatureSetManager.cs:344)
UnityEditor.XR.OpenXR.Features.OpenXRFeatureSetManager:InitializeFeatureSets (bool) (at Library/PackageCache/com.unity.xr.openxr@1.2.3/Editor/FeatureSupport/OpenXRFeatureSetManager.cs:274)
UnityEditor.XR.OpenXR.Features.OpenXRFeatureSetManager:InitializeFeatureSets () (at Library/PackageCache/com.unity.xr.openxr@1.2.3/Editor/FeatureSupport/OpenXRFeatureSetManager.cs:190)
UnityEditor.XR.OpenXR.Features.OpenXRFeatureSetManager:OnAssemblyReload () (at Library/PackageCache/com.unity.xr.openxr@1.2.3/Editor/FeatureSupport/OpenXRFeatureSetManager.cs:30)
UnityEditor.AssemblyReloadEvents:OnAfterAssemblyReload ()

[Library/PackageCache/com.unity.xr.openxr@1.2.3/Editor/FeatureSupport/FeatureHelpers.cs line 188]

Assets queued for import after Refresh completed:
	Assets/XR/Settings/OpenXR Package Settings.asset
RefreshInfo: StopAssetImportingV2(NoUpdateAssetOptions) scanfilter: 
RefreshProfiler: Total: 0.000ms
Assertion failed on expression: 'm_Ptr'
UnityEngine.StackTraceUtility:ExtractStackTrace ()
UnityEditor.XR.OpenXR.Features.FeatureHelpersInternal:GetAllFeatureInfo (UnityEditor.BuildTargetGroup) (at Library/PackageCache/com.unity.xr.openxr@1.2.3/Editor/FeatureSupport/FeatureHelpers.cs:188)
UnityEditor.XR.OpenXR.Features.OpenXRFeatureSetManager:SetFeaturesFromEnabledFeatureSets (UnityEditor.BuildTargetGroup) (at Library/PackageCache/com.unity.xr.openxr@1.2.3/Editor/FeatureSupport/OpenXRFeatureSetManager.cs:344)
UnityEditor.XR.OpenXR.Features.OpenXRFeatureSetManager:InitializeFeatureSets (bool) (at Library/PackageCache/com.unity.xr.openxr@1.2.3/Editor/FeatureSupport/OpenXRFeatureSetManager.cs:274)
UnityEditor.XR.OpenXR.Features.OpenXRFeatureSetManager:InitializeFeatureSets () (at Library/PackageCache/com.unity.xr.openxr@1.2.3/Editor/FeatureSupport/OpenXRFeatureSetManager.cs:190)
UnityEditor.XR.OpenXR.Features.OpenXRFeatureSetManager:OnAssemblyReload () (at Library/PackageCache/com.unity.xr.openxr@1.2.3/Editor/FeatureSupport/OpenXRFeatureSetManager.cs:30)
UnityEditor.AssemblyReloadEvents:OnAfterAssemblyReload ()

[Library/PackageCache/com.unity.xr.openxr@1.2.3/Editor/FeatureSupport/FeatureHelpers.cs line 188]

Refresh completed but there are assets queued up for importing. Check for code that modifies assets which gets called after OnPostProcessAllAssets. Additional details in Log file
UnityEngine.StackTraceUtility:ExtractStackTrace ()
UnityEditor.XR.OpenXR.Features.FeatureHelpersInternal:GetAllFeatureInfo (UnityEditor.BuildTargetGroup) (at Library/PackageCache/com.unity.xr.openxr@1.2.3/Editor/FeatureSupport/FeatureHelpers.cs:188)
UnityEditor.XR.OpenXR.Features.OpenXRFeatureSetManager:SetFeaturesFromEnabledFeatureSets (UnityEditor.BuildTargetGroup) (at Library/PackageCache/com.unity.xr.openxr@1.2.3/Editor/FeatureSupport/OpenXRFeatureSetManager.cs:344)
UnityEditor.XR.OpenXR.Features.OpenXRFeatureSetManager:InitializeFeatureSets (bool) (at Library/PackageCache/com.unity.xr.openxr@1.2.3/Editor/FeatureSupport/OpenXRFeatureSetManager.cs:274)
UnityEditor.XR.OpenXR.Features.OpenXRFeatureSetManager:InitializeFeatureSets () (at Library/PackageCache/com.unity.xr.openxr@1.2.3/Editor/FeatureSupport/OpenXRFeatureSetManager.cs:190)
UnityEditor.XR.OpenXR.Features.OpenXRFeatureSetManager:OnAssemblyReload () (at Library/PackageCache/com.unity.xr.openxr@1.2.3/Editor/FeatureSupport/OpenXRFeatureSetManager.cs:30)
UnityEditor.AssemblyReloadEvents:OnAfterAssemblyReload ()

[Library/PackageCache/com.unity.xr.openxr@1.2.3/Editor/FeatureSupport/FeatureHelpers.cs line 188]

Assets queued for import after Refresh completed:
	Assets/XR/Settings/OpenXR Package Settings.asset
RefreshInfo: StopAssetImportingV2(NoUpdateAssetOptions) scanfilter: 
RefreshProfiler: Total: 0.000ms
Assertion failed on expression: 'm_Ptr'
UnityEngine.StackTraceUtility:ExtractStackTrace ()
UnityEditor.XR.OpenXR.Features.FeatureHelpersInternal:GetAllFeatureInfo (UnityEditor.BuildTargetGroup) (at Library/PackageCache/com.unity.xr.openxr@1.2.3/Editor/FeatureSupport/FeatureHelpers.cs:188)
UnityEditor.XR.OpenXR.Features.OpenXRFeatureSetManager:SetFeaturesFromEnabledFeatureSets (UnityEditor.BuildTargetGroup) (at Library/PackageCache/com.unity.xr.openxr@1.2.3/Editor/FeatureSupport/OpenXRFeatureSetManager.cs:344)
UnityEditor.XR.OpenXR.Features.OpenXRFeatureSetManager:InitializeFeatureSets (bool) (at Library/PackageCache/com.unity.xr.openxr@1.2.3/Editor/FeatureSupport/OpenXRFeatureSetManager.cs:274)
UnityEditor.XR.OpenXR.Features.OpenXRFeatureSetManager:InitializeFeatureSets () (at Library/PackageCache/com.unity.xr.openxr@1.2.3/Editor/FeatureSupport/OpenXRFeatureSetManager.cs:190)
UnityEditor.XR.OpenXR.Features.OpenXRFeatureSetManager:OnAssemblyReload () (at Library/PackageCache/com.unity.xr.openxr@1.2.3/Editor/FeatureSupport/OpenXRFeatureSetManager.cs:30)
UnityEditor.AssemblyReloadEvents:OnAfterAssemblyReload ()

[Library/PackageCache/com.unity.xr.openxr@1.2.3/Editor/FeatureSupport/FeatureHelpers.cs line 188]

- Completed reload, in  1.598 seconds
Platform modules already initialized, skipping
========================================================================
Worker process is ready to serve import requests
Launched and connected shader compiler UnityShaderCompiler.exe after 0.06 seconds
Refreshing native plugins compatible for Editor in 1.00 ms, found 7 plugins.
Preloading 0 native plugins for Editor in 0.00 ms.
Unloading 1995 Unused Serialized files (Serialized files now loaded: 0)
System memory in use before: 90.1 MB.
System memory in use after: 90.0 MB.

Unloading 76 unused Assets to reduce memory usage. Loaded Objects now: 2472.
Total: 2.941200 ms (FindLiveObjects: 0.210000 ms CreateObjectMapping: 0.102200 ms MarkObjects: 2.424800 ms  DeleteObjects: 0.202800 ms)

AssetImportParameters requested are different than current active one (requested -> active):
  custom:framework-win-MediaFoundation: 216162199b28c13a410421893ffa2e32 -> 
  custom:video-decoder-ogg-theora: a1e56fd34408186e4bbccfd4996cb3dc -> 
  custom:container-muxer-webm: aa71ff27fc2769a1b78a27578f13a17b -> 
  custom:container-demuxer-webm: 4f35f7cbe854078d1ac9338744f61a02 -> 
  custom:container-demuxer-ogg: 62fdf1f143b41e24485cea50d1cbac27 -> 
  custom:video-encoder-webm-vp8: eb34c28f22e8b96e1ab97ce403110664 -> 
  custom:video-codec-MediaFoundation-h265: 746d11721c4dcdbdad8f713fa42b33f4 -> 
  custom:video-decoder-webm-vp8: 9c59270c3fd7afecdb556c50c9e8de78 -> 
  custom:audio-decoder-ogg-vorbis: bf7c407c2cedff20999df2af8eb42d56 -> 
  custom:audio-encoder-webm-vorbis: bf7c407c2cedff20999df2af8eb42d56 -> 
========================================================================
Received Import Request.
  path: Assets/Samples/XR Interaction Toolkit
  artifactKey: Guid(b79bf3ed1a9ba4c41a3c44281cd4e860) Importer(815301076,1909f56bfc062723c751e8b465ee728b)
Start importing Assets/Samples/XR Interaction Toolkit using Guid(b79bf3ed1a9ba4c41a3c44281cd4e860) Importer(815301076,1909f56bfc062723c751e8b465ee728b)  -> (artifact id: '15437e4993f253febfe68994d3b2b9b1') in 0.011790 seconds 
  Import took 0.016560 seconds .

========================================================================
Received Import Request.
  Time since last request: 0.000337 seconds.
  path: Assets/Samples/XR Interaction Toolkit/1.0.0-pre.4
  artifactKey: Guid(5a8d0096f1c03fd4291e75ae7209045a) Importer(815301076,1909f56bfc062723c751e8b465ee728b)
Start importing Assets/Samples/XR Interaction Toolkit/1.0.0-pre.4 using Guid(5a8d0096f1c03fd4291e75ae7209045a) Importer(815301076,1909f56bfc062723c751e8b465ee728b)  -> (artifact id: '3008b622cc9080cf9c1888eeb69753cc') in 0.012597 seconds 
  Import took 0.017049 seconds .

========================================================================
Received Import Request.
  Time since last request: 0.000309 seconds.
  path: Assets/Samples
  artifactKey: Guid(03d7f2bf1d7285e4cac64b4788065b2e) Importer(815301076,1909f56bfc062723c751e8b465ee728b)
Start importing Assets/Samples using Guid(03d7f2bf1d7285e4cac64b4788065b2e) Importer(815301076,1909f56bfc062723c751e8b465ee728b)  -> (artifact id: '33efc87f533388447eb1c33be2221464') in 0.013402 seconds 
  Import took 0.018367 seconds .

========================================================================
Received Import Request.
  Time since last request: 0.058330 seconds.
  path: Assets/Samples/XR Interaction Toolkit/1.0.0-pre.4/Default Input Actions
  artifactKey: Guid(1c7fe205d43153b4a9d8930a6c93e622) Importer(815301076,1909f56bfc062723c751e8b465ee728b)
Start importing Assets/Samples/XR Interaction Toolkit/1.0.0-pre.4/Default Input Actions using Guid(1c7fe205d43153b4a9d8930a6c93e622) Importer(815301076,1909f56bfc062723c751e8b465ee728b)  -> (artifact id: 'c0096144018dee905d0296490cba3d14') in 0.011460 seconds 
  Import took 0.015418 seconds .

========================================================================
Received Import Request.
  Time since last request: 0.045988 seconds.
  path: Assets/Samples/XR Interaction Toolkit/1.0.0-pre.4/Default Input Actions/XRI Default Continuous Move.preset
  artifactKey: Guid(91f9da00cfdac5d49955df2d2d820b9c) Importer(815301076,1909f56bfc062723c751e8b465ee728b)
Start importing Assets/Samples/XR Interaction Toolkit/1.0.0-pre.4/Default Input Actions/XRI Default Continuous Move.preset using Guid(91f9da00cfdac5d49955df2d2d820b9c) Importer(815301076,1909f56bfc062723c751e8b465ee728b)  -> (artifact id: '7fbcd3ff63fcd09b3be425163d5c9845') in 0.073344 seconds 
  Import took 0.077276 seconds .

========================================================================
Received Import Request.
  Time since last request: 0.000242 seconds.
  path: Assets/Samples/XR Interaction Toolkit/1.0.0-pre.4/Default Input Actions/XRI Default Left Controller.preset
  artifactKey: Guid(ffd8268f7307a0c48a067dad4a8fe060) Importer(815301076,1909f56bfc062723c751e8b465ee728b)
Start importing Assets/Samples/XR Interaction Toolkit/1.0.0-pre.4/Default Input Actions/XRI Default Left Controller.preset using Guid(ffd8268f7307a0c48a067dad4a8fe060) Importer(815301076,1909f56bfc062723c751e8b465ee728b)  -> (artifact id: '8bd5147fac95f957b370d29f0afe3119') in 0.036322 seconds 
  Import took 0.041240 seconds .

========================================================================
Received Import Request.
  Time since last request: 0.000310 seconds.
  path: Assets/Samples/XR Interaction Toolkit/1.0.0-pre.4/Default Input Actions/XRI Default Snap Turn.preset
  artifactKey: Guid(18697d253d848974aa7052cba872c9f0) Importer(815301076,1909f56bfc062723c751e8b465ee728b)
Start importing Assets/Samples/XR Interaction Toolkit/1.0.0-pre.4/Default Input Actions/XRI Default Snap Turn.preset using Guid(18697d253d848974aa7052cba872c9f0) Importer(815301076,1909f56bfc062723c751e8b465ee728b)  -> (artifact id: '698c7e2c2901237432c76581133fb1f1') in 0.017778 seconds 
  Import took 0.023946 seconds .

========================================================================
Received Import Request.
  Time since last request: 0.000242 seconds.
  path: Assets/Samples/XR Interaction Toolkit/1.0.0-pre.4/Default Input Actions/XRI Default Input Actions.inputactions
  artifactKey: Guid(c348712bda248c246b8c49b3db54643f) Importer(815301076,1909f56bfc062723c751e8b465ee728b)
Start importing Assets/Samples/XR Interaction Toolkit/1.0.0-pre.4/Default Input Actions/XRI Default Input Actions.inputactions using Guid(c348712bda248c246b8c49b3db54643f) Importer(815301076,1909f56bfc062723c751e8b465ee728b)  -> (artifact id: '89b511b2e0146a33c1387a4b0a47b81e') in 0.027511 seconds 
  Import took 0.031150 seconds .

========================================================================
Received Import Request.
  Time since last request: 0.000270 seconds.
  path: Assets/Samples/XR Interaction Toolkit/1.0.0-pre.4/Default Input Actions/XRI Default Continuous Turn.preset
  artifactKey: Guid(0caad3af14f9a414dbdf25ed41e5aa47) Importer(815301076,1909f56bfc062723c751e8b465ee728b)
Start importing Assets/Samples/XR Interaction Toolkit/1.0.0-pre.4/Default Input Actions/XRI Default Continuous Turn.preset using Guid(0caad3af14f9a414dbdf25ed41e5aa47) Importer(815301076,1909f56bfc062723c751e8b465ee728b)  -> (artifact id: '01e039f96452fb154a4fabce180b317f') in 0.022506 seconds 
  Import took 0.027661 seconds .

========================================================================
Received Import Request.
  Time since last request: 0.000311 seconds.
  path: Assets/Samples/XR Interaction Toolkit/1.0.0-pre.4/Default Input Actions/XRI Default Right Controller.preset
  artifactKey: Guid(1421ad86ff3787b4dae70fe9e699a25f) Importer(815301076,1909f56bfc062723c751e8b465ee728b)
Start importing Assets/Samples/XR Interaction Toolkit/1.0.0-pre.4/Default Input Actions/XRI Default Right Controller.preset using Guid(1421ad86ff3787b4dae70fe9e699a25f) Importer(815301076,1909f56bfc062723c751e8b465ee728b)  -> (artifact id: '18c535d499cc3f394b161a582cab7b97') in 0.015168 seconds 
  Import took 0.019793 seconds .

========================================================================
Received Import Request.
  Time since last request: 929.599352 seconds.
  path: Assets/Samples/XR Interaction Toolkit/1.0.0-pre.4/Default Input Actions/XRI Default Input Actions.inputactions
  artifactKey: Guid(c348712bda248c246b8c49b3db54643f) Importer(815301076,1909f56bfc062723c751e8b465ee728b)
Start importing Assets/Samples/XR Interaction Toolkit/1.0.0-pre.4/Default Input Actions/XRI Default Input Actions.inputactions using Guid(c348712bda248c246b8c49b3db54643f) Importer(815301076,1909f56bfc062723c751e8b465ee728b)  -> (artifact id: 'f623e317db37ee3100e4e006c4cfa097') in 0.016164 seconds 
  Import took 0.021401 seconds .

========================================================================
Received Prepare
Registering precompiled user dll's ...
Registered in 0.010324 seconds.
Begin MonoManager ReloadAssembly
Native extension for WindowsStandalone target not found
Native extension for WebGL target not found
Refreshing native plugins compatible for Editor in 0.59 ms, found 7 plugins.
Preloading 0 native plugins for Editor in 0.00 ms.
Mono: successfully reloaded assembly
- Completed reload, in  1.320 seconds
Platform modules already initialized, skipping
Refreshing native plugins compatible for Editor in 0.58 ms, found 7 plugins.
Preloading 0 native plugins for Editor in 0.00 ms.
Unloading 1984 Unused Serialized files (Serialized files now loaded: 0)
System memory in use before: 89.5 MB.
System memory in use after: 89.6 MB.

Unloading 32 unused Assets to reduce memory usage. Loaded Objects now: 2477.
Total: 2.836200 ms (FindLiveObjects: 0.216200 ms CreateObjectMapping: 0.077700 ms MarkObjects: 2.457400 ms  DeleteObjects: 0.083800 ms)

AssetImportParameters requested are different than current active one (requested -> active):
  custom:framework-win-MediaFoundation: 216162199b28c13a410421893ffa2e32 -> 
  custom:video-decoder-ogg-theora: a1e56fd34408186e4bbccfd4996cb3dc -> 
  custom:container-muxer-webm: aa71ff27fc2769a1b78a27578f13a17b -> 
  custom:container-demuxer-webm: 4f35f7cbe854078d1ac9338744f61a02 -> 
  custom:container-demuxer-ogg: 62fdf1f143b41e24485cea50d1cbac27 -> 
  custom:video-encoder-webm-vp8: eb34c28f22e8b96e1ab97ce403110664 -> 
  custom:video-codec-MediaFoundation-h265: 746d11721c4dcdbdad8f713fa42b33f4 -> 
  custom:video-decoder-webm-vp8: 9c59270c3fd7afecdb556c50c9e8de78 -> 
  custom:audio-decoder-ogg-vorbis: bf7c407c2cedff20999df2af8eb42d56 -> 
  custom:audio-encoder-webm-vorbis: bf7c407c2cedff20999df2af8eb42d56 -> 
========================================================================
Received Import Request.
  Time since last request: 179.406519 seconds.
  path: Assets/MoveOnVRInteracte.cs
  artifactKey: Guid(999f8e2af9fb9304881f64e8b1fb7204) Importer(815301076,1909f56bfc062723c751e8b465ee728b)
Start importing Assets/MoveOnVRInteracte.cs using Guid(999f8e2af9fb9304881f64e8b1fb7204) Importer(815301076,1909f56bfc062723c751e8b465ee728b)  -> (artifact id: '57e956c0a7af8e64e53a4711dd94fd70') in 0.033115 seconds 
  Import took 0.038194 seconds .

========================================================================
Received Prepare
Registering precompiled user dll's ...
Registered in 0.012889 seconds.
Begin MonoManager ReloadAssembly
Native extension for WindowsStandalone target not found
Native extension for WebGL target not found
Refreshing native plugins compatible for Editor in 0.61 ms, found 7 plugins.
Preloading 0 native plugins for Editor in 0.00 ms.
Mono: successfully reloaded assembly
- Completed reload, in  1.543 seconds
Platform modules already initialized, skipping
Refreshing native plugins compatible for Editor in 0.62 ms, found 7 plugins.
Preloading 0 native plugins for Editor in 0.00 ms.
Unloading 1984 Unused Serialized files (Serialized files now loaded: 0)
System memory in use before: 89.5 MB.
System memory in use after: 89.6 MB.

Unloading 32 unused Assets to reduce memory usage. Loaded Objects now: 2481.
Total: 2.786400 ms (FindLiveObjects: 0.220100 ms CreateObjectMapping: 0.076300 ms MarkObjects: 2.430500 ms  DeleteObjects: 0.058500 ms)

AssetImportParameters requested are different than current active one (requested -> active):
  custom:framework-win-MediaFoundation: 216162199b28c13a410421893ffa2e32 -> 
  custom:video-decoder-ogg-theora: a1e56fd34408186e4bbccfd4996cb3dc -> 
  custom:container-muxer-webm: aa71ff27fc2769a1b78a27578f13a17b -> 
  custom:container-demuxer-webm: 4f35f7cbe854078d1ac9338744f61a02 -> 
  custom:container-demuxer-ogg: 62fdf1f143b41e24485cea50d1cbac27 -> 
  custom:video-encoder-webm-vp8: eb34c28f22e8b96e1ab97ce403110664 -> 
  custom:video-codec-MediaFoundation-h265: 746d11721c4dcdbdad8f713fa42b33f4 -> 
  custom:video-decoder-webm-vp8: 9c59270c3fd7afecdb556c50c9e8de78 -> 
  custom:audio-decoder-ogg-vorbis: bf7c407c2cedff20999df2af8eb42d56 -> 
  custom:audio-encoder-webm-vorbis: bf7c407c2cedff20999df2af8eb42d56 -> 
========================================================================
Received Import Request.
  Time since last request: 755.822263 seconds.
  path: Assets/MoveOnVRInteracte.cs
  artifactKey: Guid(999f8e2af9fb9304881f64e8b1fb7204) Importer(815301076,1909f56bfc062723c751e8b465ee728b)
Start importing Assets/MoveOnVRInteracte.cs using Guid(999f8e2af9fb9304881f64e8b1fb7204) Importer(815301076,1909f56bfc062723c751e8b465ee728b)  -> (artifact id: 'fe74e8288fa6b8264893e67b715389fa') in 0.006194 seconds 
  Import took 0.009697 seconds .

========================================================================
Received Prepare
Registering precompiled user dll's ...
Registered in 0.013486 seconds.
Begin MonoManager ReloadAssembly
Native extension for WindowsStandalone target not found
Native extension for WebGL target not found
Refreshing native plugins compatible for Editor in 1.29 ms, found 7 plugins.
Preloading 0 native plugins for Editor in 0.00 ms.
Mono: successfully reloaded assembly
- Completed reload, in  1.629 seconds
Platform modules already initialized, skipping
Refreshing native plugins compatible for Editor in 0.81 ms, found 7 plugins.
Preloading 0 native plugins for Editor in 0.00 ms.
Unloading 1983 Unused Serialized files (Serialized files now loaded: 0)
System memory in use before: 89.5 MB.
System memory in use after: 89.6 MB.

Unloading 33 unused Assets to reduce memory usage. Loaded Objects now: 2484.
Total: 2.865400 ms (FindLiveObjects: 0.227400 ms CreateObjectMapping: 0.072300 ms MarkObjects: 2.466800 ms  DeleteObjects: 0.097200 ms)

AssetImportParameters requested are different than current active one (requested -> active):
  custom:framework-win-MediaFoundation: 216162199b28c13a410421893ffa2e32 -> 
  custom:video-decoder-ogg-theora: a1e56fd34408186e4bbccfd4996cb3dc -> 
  custom:container-muxer-webm: aa71ff27fc2769a1b78a27578f13a17b -> 
  custom:container-demuxer-webm: 4f35f7cbe854078d1ac9338744f61a02 -> 
  custom:container-demuxer-ogg: 62fdf1f143b41e24485cea50d1cbac27 -> 
  custom:video-encoder-webm-vp8: eb34c28f22e8b96e1ab97ce403110664 -> 
  custom:video-codec-MediaFoundation-h265: 746d11721c4dcdbdad8f713fa42b33f4 -> 
  custom:video-decoder-webm-vp8: 9c59270c3fd7afecdb556c50c9e8de78 -> 
  custom:audio-decoder-ogg-vorbis: bf7c407c2cedff20999df2af8eb42d56 -> 
  custom:audio-encoder-webm-vorbis: bf7c407c2cedff20999df2af8eb42d56 -> 
AssetImportWorkerClient::OnTransportError - code=2 error=End of file
