Using pre-set license
Built from '2020.3/release' branch; Version is '2020.3.12f1 (b3b2c6512326) revision 11776710'; Using compiler version '192528614'; Build Type 'Release'
OS: 'Windows 10 Home; OS build 19042.1052; Version 2009; 64bit' Language: 'en' Physical Memory: 12063 MB
BatchMode: 1, IsHumanControllingUs: 0, StartBugReporterOnCrash: 0, Is64bit: 1, IsPro: 0

 COMMAND LINE ARGUMENTS:
C:\Program Files\Unity\Hub\Editor\2020.3.12f1\Editor\Unity.exe
-adb2
-batchMode
-noUpm
-name
AssetImportWorker0
-projectPath
C:/Users/Bucco/Documents/GitHub/asu-3d-loading-screen/Main Scene
-logFile
Logs/AssetImportWorker0.log
-srvPort
9389
Successfully changed project path to: C:/Users/Bucco/Documents/GitHub/asu-3d-loading-screen/Main Scene
C:/Users/Bucco/Documents/GitHub/asu-3d-loading-screen/Main Scene
Using Asset Import Pipeline V2.
Refreshing native plugins compatible for Editor in 74.67 ms, found 7 plugins.
Preloading 0 native plugins for Editor in 0.00 ms.
Initialize engine version: 2020.3.12f1 (b3b2c6512326)
[Subsystems] Discovering subsystems at path C:/Program Files/Unity/Hub/Editor/2020.3.12f1/Editor/Data/Resources/UnitySubsystems
[Subsystems] Discovering subsystems at path C:/Users/Bucco/Documents/GitHub/asu-3d-loading-screen/Main Scene/Assets
GfxDevice: creating device client; threaded=0
Direct3D:
    Version:  Direct3D 11.0 [level 11.1]
    Renderer: Intel(R) Iris(R) Plus Graphics (ID=0x8a52)
    Vendor:   
    VRAM:     6031 MB
    Driver:   27.20.100.8729
Initialize mono
Mono path[0] = 'C:/Program Files/Unity/Hub/Editor/2020.3.12f1/Editor/Data/Managed'
Mono path[1] = 'C:/Program Files/Unity/Hub/Editor/2020.3.12f1/Editor/Data/MonoBleedingEdge/lib/mono/unityjit'
Mono config path = 'C:/Program Files/Unity/Hub/Editor/2020.3.12f1/Editor/Data/MonoBleedingEdge/etc'
Using monoOptions --debugger-agent=transport=dt_socket,embedding=1,server=y,suspend=n,address=127.0.0.1:56512
Begin MonoManager ReloadAssembly
Registering precompiled unity dll's ...
Register platform support module: C:/Program Files/Unity/Hub/Editor/2020.3.12f1/Editor/Data/PlaybackEngines/WebGLSupport/UnityEditor.WebGL.Extensions.dll
Register platform support module: C:/Program Files/Unity/Hub/Editor/2020.3.12f1/Editor/Data/PlaybackEngines/WindowsStandaloneSupport/UnityEditor.WindowsStandalone.Extensions.dll
Registered in 0.002794 seconds.
Native extension for WindowsStandalone target not found
Native extension for WebGL target not found
Refreshing native plugins compatible for Editor in 55.81 ms, found 7 plugins.
Preloading 0 native plugins for Editor in 0.00 ms.
Mono: successfully reloaded assembly
- Completed reload, in  1.283 seconds
Platform modules already initialized, skipping
Registering precompiled user dll's ...
Registered in 0.005853 seconds.
Begin MonoManager ReloadAssembly
Native extension for WindowsStandalone target not found
Native extension for WebGL target not found
Refreshing native plugins compatible for Editor in 42.98 ms, found 7 plugins.
Preloading 0 native plugins for Editor in 0.00 ms.
Mono: successfully reloaded assembly
- Completed reload, in  1.449 seconds
Platform modules already initialized, skipping
========================================================================
Worker process is ready to serve import requests
Launched and connected shader compiler UnityShaderCompiler.exe after 0.05 seconds
Refreshing native plugins compatible for Editor in 0.78 ms, found 7 plugins.
Preloading 0 native plugins for Editor in 0.00 ms.
Unloading 2042 Unused Serialized files (Serialized files now loaded: 0)
System memory in use before: 93.0 MB.
System memory in use after: 92.9 MB.

Unloading 39 unused Assets to reduce memory usage. Loaded Objects now: 2521.
Total: 4.415100 ms (FindLiveObjects: 0.148000 ms CreateObjectMapping: 0.054800 ms MarkObjects: 3.777200 ms  DeleteObjects: 0.430300 ms)

AssetImportParameters requested are different than current active one (requested -> active):
  custom:framework-win-MediaFoundation: 216162199b28c13a410421893ffa2e32 -> 
  custom:video-decoder-ogg-theora: a1e56fd34408186e4bbccfd4996cb3dc -> 
  custom:container-muxer-webm: aa71ff27fc2769a1b78a27578f13a17b -> 
  custom:container-demuxer-webm: 4f35f7cbe854078d1ac9338744f61a02 -> 
  custom:container-demuxer-ogg: 62fdf1f143b41e24485cea50d1cbac27 -> 
  custom:video-encoder-webm-vp8: eb34c28f22e8b96e1ab97ce403110664 -> 
  custom:video-codec-MediaFoundation-h265: 746d11721c4dcdbdad8f713fa42b33f4 -> 
  custom:video-decoder-webm-vp8: 9c59270c3fd7afecdb556c50c9e8de78 -> 
  custom:audio-decoder-ogg-vorbis: bf7c407c2cedff20999df2af8eb42d56 -> 
  custom:audio-encoder-webm-vorbis: bf7c407c2cedff20999df2af8eb42d56 -> 
========================================================================
Received Import Request.
  path: Assets/Scenes/SampleScene.unity
  artifactKey: Guid(9fc0d4010bbf28b4594072e72b8655ab) Importer(815301076,1909f56bfc062723c751e8b465ee728b)
Start importing Assets/Scenes/SampleScene.unity using Guid(9fc0d4010bbf28b4594072e72b8655ab) Importer(815301076,1909f56bfc062723c751e8b465ee728b)  -> (artifact id: 'a952f33ef3399dbfca8555698b6edef7') in 0.019697 seconds 
  Import took 0.026967 seconds .

========================================================================
Received Import Request.
  Time since last request: 7.664981 seconds.
  path: Assets/Scenes/Loading Screen.unity
  artifactKey: Guid(9fc0d4010bbf28b4594072e72b8655ab) Importer(815301076,1909f56bfc062723c751e8b465ee728b)
Start importing Assets/Scenes/Loading Screen.unity using Guid(9fc0d4010bbf28b4594072e72b8655ab) Importer(815301076,1909f56bfc062723c751e8b465ee728b)  -> (artifact id: '7c8e1aca2fdca95c197027db5d496bc4') in 0.011731 seconds 
  Import took 0.020630 seconds .

========================================================================
Received Import Request.
  Time since last request: 0.015298 seconds.
  path: Assets/Scenes/Loading Screen.unity
  artifactKey: Guid(9fc0d4010bbf28b4594072e72b8655ab) Importer(815301076,1909f56bfc062723c751e8b465ee728b)
Start importing Assets/Scenes/Loading Screen.unity using Guid(9fc0d4010bbf28b4594072e72b8655ab) Importer(815301076,1909f56bfc062723c751e8b465ee728b)  -> (artifact id: '7c8e1aca2fdca95c197027db5d496bc4') in 0.007763 seconds 
  Import took 0.012271 seconds .

========================================================================
Received Import Request.
  Time since last request: 77.374429 seconds.
  path: Assets/Materials/Grass.jpg
  artifactKey: Guid(b86d56cd932f1694f8fa07a7c98ad5c2) Importer(815301076,1909f56bfc062723c751e8b465ee728b)
Start importing Assets/Materials/Grass.jpg using Guid(b86d56cd932f1694f8fa07a7c98ad5c2) Importer(815301076,1909f56bfc062723c751e8b465ee728b)  -> (artifact id: '9021a108eb1b853429c04a1843375128') in 0.062030 seconds 
  Import took 0.068633 seconds .

========================================================================
Received Import Request.
  Time since last request: 0.001159 seconds.
  path: Assets/Materials/sky.jpg
  artifactKey: Guid(a88797e0286a67c40aaa228d98b200c8) Importer(815301076,1909f56bfc062723c751e8b465ee728b)
Start importing Assets/Materials/sky.jpg using Guid(a88797e0286a67c40aaa228d98b200c8) Importer(815301076,1909f56bfc062723c751e8b465ee728b)  -> (artifact id: 'e97cea0d779c82704e0e7888df941b7d') in 0.026164 seconds 
  Import took 0.032986 seconds .

========================================================================
Received Import Request.
  Time since last request: 0.000833 seconds.
  path: Assets/Materials/Skybox.mat
  artifactKey: Guid(2691820027b61bd40b7ac35808580ae3) Importer(815301076,1909f56bfc062723c751e8b465ee728b)
Start importing Assets/Materials/Skybox.mat using Guid(2691820027b61bd40b7ac35808580ae3) Importer(815301076,1909f56bfc062723c751e8b465ee728b)  -> (artifact id: '1f2435a8214badba2c2ec79896f85840') in 0.103229 seconds 
  Import took 0.109725 seconds .

========================================================================
Received Import Request.
  Time since last request: 0.000253 seconds.
  path: Assets/Materials/New Material.mat
  artifactKey: Guid(cc1715d650646c542aaf294e9f6c952b) Importer(815301076,1909f56bfc062723c751e8b465ee728b)
Start importing Assets/Materials/New Material.mat using Guid(cc1715d650646c542aaf294e9f6c952b) Importer(815301076,1909f56bfc062723c751e8b465ee728b)  -> (artifact id: '773d297954bebdd254cd9e532808aad6') in 0.057944 seconds 
  Import took 0.061800 seconds .

========================================================================
Received Import Request.
  Time since last request: 16.898984 seconds.
  path: Assets/FBX
  artifactKey: Guid(9561345fbf575a942a49f98670acaabd) Importer(815301076,1909f56bfc062723c751e8b465ee728b)
Start importing Assets/FBX using Guid(9561345fbf575a942a49f98670acaabd) Importer(815301076,1909f56bfc062723c751e8b465ee728b)  -> (artifact id: '3971d6055821e14179d4414293cc6269') in 0.015335 seconds 
  Import took 0.018398 seconds .

========================================================================
Received Import Request.
  Time since last request: 0.008573 seconds.
  path: Assets/FBX
  artifactKey: Guid(9561345fbf575a942a49f98670acaabd) Importer(815301076,1909f56bfc062723c751e8b465ee728b)
Start importing Assets/FBX using Guid(9561345fbf575a942a49f98670acaabd) Importer(815301076,1909f56bfc062723c751e8b465ee728b)  -> (artifact id: '3971d6055821e14179d4414293cc6269') in 0.008174 seconds 
  Import took 0.015432 seconds .

========================================================================
Received Import Request.
  Time since last request: 32.425668 seconds.
  path: Assets/FBX/A.fbx
  artifactKey: Guid(9fa6a87cd12d64848bcbe73e979a71a5) Importer(815301076,1909f56bfc062723c751e8b465ee728b)
Start importing Assets/FBX/A.fbx using Guid(9fa6a87cd12d64848bcbe73e979a71a5) Importer(815301076,1909f56bfc062723c751e8b465ee728b)  -> (artifact id: 'eabcb66d6d735fb8fd28a067af0642c7') in 0.131285 seconds 
  Import took 0.136628 seconds .

========================================================================
Received Import Request.
  Time since last request: 0.000257 seconds.
  path: Assets/FBX/U.fbx
  artifactKey: Guid(25bedd0758033d149952955a5a30f627) Importer(815301076,1909f56bfc062723c751e8b465ee728b)
Start importing Assets/FBX/U.fbx using Guid(25bedd0758033d149952955a5a30f627) Importer(815301076,1909f56bfc062723c751e8b465ee728b)  -> (artifact id: 'ae40b86d22c97e4bafb2322181cb84eb') in 0.037049 seconds 
  Import took 0.042986 seconds .

========================================================================
Received Import Request.
  Time since last request: 0.000720 seconds.
  path: Assets/FBX/S.fbx
  artifactKey: Guid(2b5f52b2b3020bd41b457d0d06847cce) Importer(815301076,1909f56bfc062723c751e8b465ee728b)
Start importing Assets/FBX/S.fbx using Guid(2b5f52b2b3020bd41b457d0d06847cce) Importer(815301076,1909f56bfc062723c751e8b465ee728b)  -> (artifact id: 'd0462ae0eb82063fcc2fa7d954cfe905') in 0.072808 seconds 
  Import took 0.081015 seconds .

========================================================================
Received Import Request.
  Time since last request: 0.008714 seconds.
  path: Assets/FBX/S.fbx
  artifactKey: Guid(2b5f52b2b3020bd41b457d0d06847cce) Importer(815301076,1909f56bfc062723c751e8b465ee728b)
Start importing Assets/FBX/S.fbx using Guid(2b5f52b2b3020bd41b457d0d06847cce) Importer(815301076,1909f56bfc062723c751e8b465ee728b)  -> (artifact id: 'd0462ae0eb82063fcc2fa7d954cfe905') in 0.076209 seconds 
  Import took 0.084508 seconds .

AssetImportWorkerClient::OnTransportError - code=2 error=End of file
